<?xml version="1.0" encoding="UTF-8"?>
<!-- Generated by org.testng.reporters.JUnitReportReporter -->
<testsuite name="QSP.Demo3" tests="1" time="4.586" ignored="0" failures="0" timestamp="03 Feb 2018 04:57:18 GMT" skipped="0" hostname="CBT-LAB-015" errors="0">
  <testcase name="testA" time="4.586" classname="QSP.Demo3"/>
</testsuite> <!-- QSP.Demo3 -->
